[html.webinane.com/electric-admin/index.html]
[backblue.gif]
[fade.gif]
[index.html]
[html.webinane.com/electric-admin/css/bootstrap.min.css]
[html.webinane.com/electric-admin/css/icons.css]
[html.webinane.com/electric-admin/css/sass.css]
[html.webinane.com/electric-admin/css/main.css]
[html.webinane.com/electric-admin/css/responsive.css]
[html.webinane.com/electric-admin/js/jquery-2.1.3.js]
[html.webinane.com/electric-admin/js/bootstrap.min.js]
[html.webinane.com/electric-admin/js/angular.min.js]
[html.webinane.com/electric-admin/js/angular-route.min.js]
[html.webinane.com/electric-admin/js/app.js]
[html.webinane.com/electric-admin/js/main.js]
[html.webinane.com/electric-admin/index.html]
[html.webinane.com/electric-admin/css/bootstrap.min.css]
[html.webinane.com/electric-admin/fonts/fontawesome-webfont3295.eot]
[html.webinane.com/electric-admin/fonts/fontawesome-webfontd41d.eot]
[html.webinane.com/electric-admin/fonts/fontawesome-webfont3295.woff2]
[html.webinane.com/electric-admin/fonts/fontawesome-webfont3295.woff]
[html.webinane.com/electric-admin/fonts/fontawesome-webfont3295.ttf]
[html.webinane.com/electric-admin/fonts/fontawesome-webfont3295.svg]
[html.webinane.com/electric-admin/fonts/themify9f24.eot]
[html.webinane.com/electric-admin/fonts/themifyd41d.eot]
[html.webinane.com/electric-admin/fonts/themify9f24.woff]
[html.webinane.com/electric-admin/fonts/themify9f24.ttf]
[html.webinane.com/electric-admin/css/icons.css]
[html.webinane.com/electric-admin/fonts/themify9f24.svg]
[html.webinane.com/electric-admin/images/resource/carousel-bg.jpg]
[html.webinane.com/electric-admin/css/sass.css]
[html.webinane.com/electric-admin/images/sprite-skin-flat.png]
[html.webinane.com/electric-admin/images/resource/admin-bg.jpg]
[html.webinane.com/electric-admin/images/loader.gif]
[html.webinane.com/electric-admin/images/admin-bg.jpg]
[html.webinane.com/electric-admin/images/extra-bg.jpg]
[html.webinane.com/electric-admin/images/login-bg.jpg]
[html.webinane.com/electric-admin/images/error.gif]
[html.webinane.com/electric-admin/images/success.gif]
[html.webinane.com/electric-admin/images/resource/comming-soon.jpg]
[html.webinane.com/electric-admin/css/main.css]
[html.webinane.com/electric-admin/css/responsive.css]
[html.webinane.com/electric-admin/js/common.js]
[html.webinane.com/electric-admin/fonts/glyphicons-halflings-regular.html]
[html.webinane.com/electric-admin/fonts/glyphicons-halflings-regulard41d.html]
[html.webinane.com/electric-admin/fonts/glyphicons-halflings-regular-2.html]
[html.webinane.com/electric-admin/fonts/glyphicons-halflings-regular-3.html]
[html.webinane.com/electric-admin/fonts/glyphicons-halflings-regular-4.html]
[html.webinane.com/electric-admin/fonts/glyphicons-halflings-regular-5.html]
[html.webinane.com/electric-admin/fonts/fontawesome-webfont3295.svg]
[html.webinane.com/electric-admin/fonts/themify9f24.svg]
[html.webinane.com/electric-admin/img/sf-steps-activated.html]
